<?xml version="1.0" encoding="UTF-8"?>
<!-- Generated by org.testng.reporters.JUnitReportReporter -->
<testsuite skipped="0" hostname="ATMECSINLT-711" name="com.atmecs.goibibo.testscripts.TwowaytravelTest" tests="1" failures="0" timestamp="22 Sep 2020 04:57:00 GMT" time="21.644" errors="0">
  <testcase name="book" time="21.644" classname="com.atmecs.goibibo.testscripts.TwowaytravelTest"/>
</testsuite> <!-- com.atmecs.goibibo.testscripts.TwowaytravelTest -->
